<?xml version="1.0" ?>
<coverage branch-rate="0" branches-covered="0" branches-valid="0" complexity="0" line-rate="0.1198" lines-covered="20" lines-valid="167" timestamp="1534114625012" version="4.5.1">
	<!-- Generated by coverage.py: https://coverage.readthedocs.io -->
	<!-- Based on https://raw.githubusercontent.com/cobertura/web/master/htdocs/xml/coverage-04.dtd -->
	<sources/>
	<packages>
		<package branch-rate="0" complexity="0" line-rate="0.1198" name=".Users.patrick.Library.Application Support.Kodi.addons.script.library.integration.tool.resources.lib">
			<classes>
				<class branch-rate="0" complexity="0" filename="/Users/patrick/Library/Application Support/Kodi/addons/script.library.integration.tool/resources/lib/utils.py" line-rate="0.1198" name="utils.py">
					<methods/>
					<lines>
						<line hits="0" number="3"/>
						<line hits="0" number="9"/>
						<line hits="0" number="10"/>
						<line hits="0" number="12"/>
						<line hits="0" number="13"/>
						<line hits="0" number="14"/>
						<line hits="0" number="17"/>
						<line hits="0" number="18"/>
						<line hits="0" number="20"/>
						<line hits="0" number="23"/>
						<line hits="0" number="24"/>
						<line hits="0" number="25"/>
						<line hits="0" number="26"/>
						<line hits="0" number="27"/>
						<line hits="0" number="28"/>
						<line hits="0" number="29"/>
						<line hits="0" number="30"/>
						<line hits="0" number="31"/>
						<line hits="0" number="32"/>
						<line hits="0" number="33"/>
						<line hits="0" number="34"/>
						<line hits="0" number="35"/>
						<line hits="0" number="37"/>
						<line hits="0" number="38"/>
						<line hits="0" number="39"/>
						<line hits="0" number="41"/>
						<line hits="0" number="44"/>
						<line hits="0" number="45"/>
						<line hits="0" number="46"/>
						<line hits="0" number="47"/>
						<line hits="0" number="50"/>
						<line hits="0" number="51"/>
						<line hits="0" number="54"/>
						<line hits="0" number="69"/>
						<line hits="0" number="70"/>
						<line hits="0" number="81"/>
						<line hits="0" number="84"/>
						<line hits="1" number="85"/>
						<line hits="0" number="87"/>
						<line hits="1" number="88"/>
						<line hits="0" number="89"/>
						<line hits="1" number="90"/>
						<line hits="0" number="92"/>
						<line hits="1" number="93"/>
						<line hits="0" number="94"/>
						<line hits="1" number="96"/>
						<line hits="1" number="97"/>
						<line hits="1" number="98"/>
						<line hits="1" number="99"/>
						<line hits="1" number="100"/>
						<line hits="1" number="101"/>
						<line hits="1" number="102"/>
						<line hits="0" number="104"/>
						<line hits="1" number="105"/>
						<line hits="0" number="107"/>
						<line hits="1" number="108"/>
						<line hits="0" number="110"/>
						<line hits="1" number="111"/>
						<line hits="0" number="113"/>
						<line hits="1" number="114"/>
						<line hits="0" number="117"/>
						<line hits="0" number="120"/>
						<line hits="0" number="122"/>
						<line hits="0" number="123"/>
						<line hits="0" number="124"/>
						<line hits="0" number="125"/>
						<line hits="0" number="128"/>
						<line hits="0" number="131"/>
						<line hits="0" number="138"/>
						<line hits="0" number="139"/>
						<line hits="0" number="140"/>
						<line hits="0" number="141"/>
						<line hits="0" number="142"/>
						<line hits="0" number="143"/>
						<line hits="0" number="144"/>
						<line hits="0" number="145"/>
						<line hits="0" number="146"/>
						<line hits="0" number="148"/>
						<line hits="0" number="151"/>
						<line hits="0" number="154"/>
						<line hits="0" number="157"/>
						<line hits="0" number="158"/>
						<line hits="0" number="159"/>
						<line hits="0" number="165"/>
						<line hits="0" number="166"/>
						<line hits="0" number="167"/>
						<line hits="0" number="168"/>
						<line hits="0" number="169"/>
						<line hits="0" number="170"/>
						<line hits="0" number="172"/>
						<line hits="0" number="173"/>
						<line hits="0" number="174"/>
						<line hits="0" number="176"/>
						<line hits="0" number="178"/>
						<line hits="0" number="179"/>
						<line hits="0" number="180"/>
						<line hits="0" number="181"/>
						<line hits="0" number="184"/>
						<line hits="0" number="187"/>
						<line hits="0" number="189"/>
						<line hits="0" number="190"/>
						<line hits="0" number="191"/>
						<line hits="0" number="192"/>
						<line hits="0" number="194"/>
						<line hits="0" number="197"/>
						<line hits="0" number="200"/>
						<line hits="0" number="202"/>
						<line hits="0" number="203"/>
						<line hits="0" number="207"/>
						<line hits="0" number="209"/>
						<line hits="0" number="212"/>
						<line hits="1" number="214"/>
						<line hits="0" number="215"/>
						<line hits="1" number="216"/>
						<line hits="0" number="219"/>
						<line hits="0" number="223"/>
						<line hits="0" number="226"/>
						<line hits="0" number="228"/>
						<line hits="0" number="230"/>
						<line hits="0" number="231"/>
						<line hits="0" number="234"/>
						<line hits="0" number="236"/>
						<line hits="0" number="237"/>
						<line hits="0" number="238"/>
						<line hits="0" number="239"/>
						<line hits="0" number="240"/>
						<line hits="0" number="244"/>
						<line hits="0" number="246"/>
						<line hits="0" number="247"/>
						<line hits="0" number="249"/>
						<line hits="0" number="250"/>
						<line hits="0" number="251"/>
						<line hits="0" number="252"/>
						<line hits="0" number="253"/>
						<line hits="0" number="254"/>
						<line hits="0" number="255"/>
						<line hits="0" number="257"/>
						<line hits="0" number="258"/>
						<line hits="0" number="260"/>
						<line hits="0" number="262"/>
						<line hits="0" number="265"/>
						<line hits="1" number="269"/>
						<line hits="1" number="270"/>
						<line hits="1" number="271"/>
						<line hits="0" number="274"/>
						<line hits="0" number="278"/>
						<line hits="0" number="290"/>
						<line hits="0" number="291"/>
						<line hits="0" number="293"/>
						<line hits="0" number="294"/>
						<line hits="0" number="296"/>
						<line hits="0" number="298"/>
						<line hits="0" number="299"/>
						<line hits="0" number="301"/>
						<line hits="0" number="302"/>
						<line hits="0" number="303"/>
						<line hits="0" number="304"/>
						<line hits="0" number="306"/>
						<line hits="0" number="307"/>
						<line hits="0" number="308"/>
						<line hits="0" number="309"/>
						<line hits="0" number="315"/>
						<line hits="0" number="316"/>
						<line hits="0" number="318"/>
						<line hits="0" number="319"/>
						<line hits="0" number="322"/>
						<line hits="0" number="325"/>
					</lines>
				</class>
			</classes>
		</package>
	</packages>
</coverage>
